# JRE version: Java(TM) SE Runtime Environment 18.9 (11.0.11+9) (build 11.0.11+9-LTS-194)
# Java VM: Java HotSpot(TM) 64-Bit Server VM 18.9 (11.0.11+9-LTS-194, mixed mode, tiered, compressed oops, parallel gc, windows-amd64)
Heap:
 PSYoungGen      total 27648K, used 13691K [0x00000000eab00000, 0x00000000eca00000, 0x0000000100000000)
  eden space 25600K, 46% used [0x00000000eab00000,0x00000000eb6b59c8,0x00000000ec400000)
  from space 2048K, 83% used [0x00000000ec400000,0x00000000ec5a9288,0x00000000ec600000)
  to   space 3072K, 0% used [0x00000000ec700000,0x00000000ec700000,0x00000000eca00000)
 ParOldGen       total 68608K, used 12365K [0x00000000c0000000, 0x00000000c4300000, 0x00000000eab00000)
  object space 68608K, 18% used [0x00000000c0000000,0x00000000c0c13650,0x00000000c4300000)
 Metaspace       used 39806K, capacity 42238K, committed 42496K, reserved 1087488K
  class space    used 4144K, capacity 4998K, committed 5120K, reserved 1048576K
GC Heap History (10 events):
Event: 34.327 GC heap before
{Heap before GC invocations=3 (full 1):
 PSYoungGen      total 29696K, used 4078K [0x00000000eab00000, 0x00000000ecc00000, 0x0000000100000000)
  eden space 25600K, 0% used [0x00000000eab00000,0x00000000eab00000,0x00000000ec400000)
  from space 4096K, 99% used [0x00000000ec800000,0x00000000ecbfb898,0x00000000ecc00000)
  to   space 4096K, 0% used [0x00000000ec400000,0x00000000ec400000,0x00000000ec800000)
 ParOldGen       total 68608K, used 2894K [0x00000000c0000000, 0x00000000c4300000, 0x00000000eab00000)
  object space 68608K, 4% used [0x00000000c0000000,0x00000000c02d3bd8,0x00000000c4300000)
 Metaspace       used 20039K, capacity 21063K, committed 21248K, reserved 1069056K
  class space    used 1905K, capacity 2283K, committed 2304K, reserved 1048576K
}
Event: 35.164 GC heap after
{Heap after GC invocations=3 (full 1):
 PSYoungGen      total 29696K, used 0K [0x00000000eab00000, 0x00000000ecc00000, 0x0000000100000000)
  eden space 25600K, 0% used [0x00000000eab00000,0x00000000eab00000,0x00000000ec400000)
  from space 4096K, 0% used [0x00000000ec800000,0x00000000ec800000,0x00000000ecc00000)
  to   space 4096K, 0% used [0x00000000ec400000,0x00000000ec400000,0x00000000ec800000)
 ParOldGen       total 68608K, used 6905K [0x00000000c0000000, 0x00000000c4300000, 0x00000000eab00000)
  object space 68608K, 10% used [0x00000000c0000000,0x00000000c06be450,0x00000000c4300000)
 Metaspace       used 20039K, capacity 21063K, committed 21248K, reserved 1069056K
  class space    used 1905K, capacity 2283K, committed 2304K, reserved 1048576K
}
Event: 47.115 GC heap before
{Heap before GC invocations=4 (full 1):
 PSYoungGen      total 29696K, used 25600K [0x00000000eab00000, 0x00000000ecc00000, 0x0000000100000000)
  eden space 25600K, 100% used [0x00000000eab00000,0x00000000ec400000,0x00000000ec400000)
  from space 4096K, 0% used [0x00000000ec800000,0x00000000ec800000,0x00000000ecc00000)
  to   space 4096K, 0% used [0x00000000ec400000,0x00000000ec400000,0x00000000ec800000)
 ParOldGen       total 68608K, used 6905K [0x00000000c0000000, 0x00000000c4300000, 0x00000000eab00000)
  object space 68608K, 10% used [0x00000000c0000000,0x00000000c06be450,0x00000000c4300000)
 Metaspace       used 26155K, capacity 27839K, committed 27904K, reserved 1075200K
  class space    used 2454K, capacity 3039K, committed 3072K, reserved 1048576K
}
Event: 47.846 GC heap after
{Heap after GC invocations=4 (full 1):
 PSYoungGen      total 29696K, used 3028K [0x00000000eab00000, 0x00000000ecc00000, 0x0000000100000000)
  eden space 25600K, 0% used [0x00000000eab00000,0x00000000eab00000,0x00000000ec400000)
  from space 4096K, 73% used [0x00000000ec400000,0x00000000ec6f5308,0x00000000ec800000)
  to   space 4096K, 0% used [0x00000000ec800000,0x00000000ec800000,0x00000000ecc00000)
 ParOldGen       total 68608K, used 6921K [0x00000000c0000000, 0x00000000c4300000, 0x00000000eab00000)
  object space 68608K, 10% used [0x00000000c0000000,0x00000000c06c2468,0x00000000c4300000)
 Metaspace       used 26155K, capacity 27839K, committed 27904K, reserved 1075200K
  class space    used 2454K, capacity 3039K, committed 3072K, reserved 1048576K
}
Event: 53.314 GC heap before
{Heap before GC invocations=5 (full 1):
 PSYoungGen      total 29696K, used 26922K [0x00000000eab00000, 0x00000000ecc00000, 0x0000000100000000)
  eden space 25600K, 93% used [0x00000000eab00000,0x00000000ec2557d0,0x00000000ec400000)
  from space 4096K, 73% used [0x00000000ec400000,0x00000000ec6f5308,0x00000000ec800000)
  to   space 4096K, 0% used [0x00000000ec800000,0x00000000ec800000,0x00000000ecc00000)
 ParOldGen       total 68608K, used 6921K [0x00000000c0000000, 0x00000000c4300000, 0x00000000eab00000)
  object space 68608K, 10% used [0x00000000c0000000,0x00000000c06c2468,0x00000000c4300000)
 Metaspace       used 32958K, capacity 35226K, committed 35328K, reserved 1081344K
  class space    used 3315K, capacity 4026K, committed 4096K, reserved 1048576K
}
Event: 53.591 GC heap after
{Heap after GC invocations=5 (full 1):
 PSYoungGen      total 29696K, used 4090K [0x00000000eab00000, 0x00000000ecc00000, 0x0000000100000000)
  eden space 25600K, 0% used [0x00000000eab00000,0x00000000eab00000,0x00000000ec400000)
  from space 4096K, 99% used [0x00000000ec800000,0x00000000ecbfeb58,0x00000000ecc00000)
  to   space 4096K, 0% used [0x00000000ec400000,0x00000000ec400000,0x00000000ec800000)
 ParOldGen       total 68608K, used 8233K [0x00000000c0000000, 0x00000000c4300000, 0x00000000eab00000)
  object space 68608K, 12% used [0x00000000c0000000,0x00000000c080a420,0x00000000c4300000)
 Metaspace       used 32958K, capacity 35226K, committed 35328K, reserved 1081344K
  class space    used 3315K, capacity 4026K, committed 4096K, reserved 1048576K
}
Event: 53.591 GC heap before
{Heap before GC invocations=6 (full 2):
 PSYoungGen      total 29696K, used 4090K [0x00000000eab00000, 0x00000000ecc00000, 0x0000000100000000)
  eden space 25600K, 0% used [0x00000000eab00000,0x00000000eab00000,0x00000000ec400000)
  from space 4096K, 99% used [0x00000000ec800000,0x00000000ecbfeb58,0x00000000ecc00000)
  to   space 4096K, 0% used [0x00000000ec400000,0x00000000ec400000,0x00000000ec800000)
 ParOldGen       total 68608K, used 8233K [0x00000000c0000000, 0x00000000c4300000, 0x00000000eab00000)
  object space 68608K, 12% used [0x00000000c0000000,0x00000000c080a420,0x00000000c4300000)
 Metaspace       used 32958K, capacity 35226K, committed 35328K, reserved 1081344K
  class space    used 3315K, capacity 4026K, committed 4096K, reserved 1048576K
}
Event: 53.966 GC heap after
{Heap after GC invocations=6 (full 2):
 PSYoungGen      total 29696K, used 0K [0x00000000eab00000, 0x00000000ecc00000, 0x0000000100000000)
  eden space 25600K, 0% used [0x00000000eab00000,0x00000000eab00000,0x00000000ec400000)
  from space 4096K, 0% used [0x00000000ec800000,0x00000000ec800000,0x00000000ecc00000)
  to   space 4096K, 0% used [0x00000000ec400000,0x00000000ec400000,0x00000000ec800000)
 ParOldGen       total 68608K, used 12180K [0x00000000c0000000, 0x00000000c4300000, 0x00000000eab00000)
  object space 68608K, 17% used [0x00000000c0000000,0x00000000c0be52d8,0x00000000c4300000)
 Metaspace       used 32958K, capacity 35226K, committed 35328K, reserved 1081344K
  class space    used 3315K, capacity 4026K, committed 4096K, reserved 1048576K
}
Event: 56.709 GC heap before
{Heap before GC invocations=7 (full 2):
 PSYoungGen      total 29696K, used 25600K [0x00000000eab00000, 0x00000000ecc00000, 0x0000000100000000)
  eden space 25600K, 100% used [0x00000000eab00000,0x00000000ec400000,0x00000000ec400000)
  from space 4096K, 0% used [0x00000000ec800000,0x00000000ec800000,0x00000000ecc00000)
  to   space 4096K, 0% used [0x00000000ec400000,0x00000000ec400000,0x00000000ec800000)
 ParOldGen       total 68608K, used 12357K [0x00000000c0000000, 0x00000000c4300000, 0x00000000eab00000)
  object space 68608K, 18% used [0x00000000c0000000,0x00000000c0c11650,0x00000000c4300000)
 Metaspace       used 36427K, capacity 38751K, committed 38784K, reserved 1083392K
  class space    used 3732K, capacity 4478K, committed 4480K, reserved 1048576K
}
Event: 56.716 GC heap after
{Heap after GC invocations=7 (full 2):
 PSYoungGen      total 27648K, used 1700K [0x00000000eab00000, 0x00000000eca00000, 0x0000000100000000)
  eden space 25600K, 0% used [0x00000000eab00000,0x00000000eab00000,0x00000000ec400000)
  from space 2048K, 83% used [0x00000000ec400000,0x00000000ec5a9288,0x00000000ec600000)
  to   space 3072K, 0% used [0x00000000ec700000,0x00000000ec700000,0x00000000eca00000)
 ParOldGen       total 68608K, used 12365K [0x00000000c0000000, 0x00000000c4300000, 0x00000000eab00000)
  object space 68608K, 18% used [0x00000000c0000000,0x00000000c0c13650,0x00000000c4300000)
 Metaspace       used 36427K, capacity 38751K, committed 38784K, reserved 1083392K
  class space    used 3732K, capacity 4478K, committed 4480K, reserved 1048576K
}

